{"contracts/NftMarketPlace.sol":{"l":{"54":1,"55":1,"56":0,"58":1,"65":1,"66":1,"67":1,"68":0,"70":1,"73":1,"74":1,"75":0,"77":1,"95":1,"96":0,"101":1,"102":1,"103":0,"105":1,"106":1,"113":1,"114":1,"115":0,"121":1,"125":1,"126":1,"131":1,"143":0,"144":0,"156":0,"157":0,"161":0,"162":0,"163":0,"165":0,"166":0,"167":0,"168":0,"180":0,"184":1},"path":"/home/harsimranjit/blockchain_project/nft_backend/contracts/NftMarketPlace.sol","s":{"1":1,"2":1,"3":1,"4":1,"5":1,"6":1,"7":1,"8":1,"9":1,"10":1,"11":1,"12":1,"13":1,"14":1,"15":1,"16":0,"17":0,"18":0,"19":0,"20":0,"21":0,"22":0,"23":1},"b":{"1":[0,1],"2":[0,1],"3":[0,1],"4":[1,0],"5":[1,0],"6":[0,1],"7":[0,1],"8":[1,0],"9":[1,0],"10":[0,1],"11":[0,0],"12":[0,0],"13":[0,0],"14":[0,0],"15":[0,0],"16":[0,0]},"f":{"1":1,"2":1,"3":1,"4":1,"5":1,"6":0,"7":0,"8":0,"9":0,"10":1},"fnMap":{"1":{"name":"notListed","line":49,"loc":{"start":{"line":49,"column":4},"end":{"line":59,"column":4}}},"2":{"name":"isOwner","line":60,"loc":{"start":{"line":60,"column":4},"end":{"line":71,"column":4}}},"3":{"name":"isListed","line":72,"loc":{"start":{"line":72,"column":4},"end":{"line":78,"column":4}}},"4":{"name":"listItem","line":93,"loc":{"start":{"line":86,"column":4},"end":{"line":107,"column":4}}},"5":{"name":"buyItem","line":112,"loc":{"start":{"line":109,"column":4},"end":{"line":133,"column":4}}},"6":{"name":"cancelListing","line":141,"loc":{"start":{"line":135,"column":4},"end":{"line":145,"column":4}}},"7":{"name":"updateListing","line":154,"loc":{"start":{"line":147,"column":4},"end":{"line":158,"column":4}}},"8":{"name":"withdrawProceeds","line":160,"loc":{"start":{"line":160,"column":4},"end":{"line":170,"column":4}}},"9":{"name":"getListing","line":176,"loc":{"start":{"line":176,"column":4},"end":{"line":181,"column":4}}},"10":{"name":"getProceeds","line":183,"loc":{"start":{"line":183,"column":4},"end":{"line":185,"column":4}}}},"statementMap":{"1":{"start":{"line":54,"column":8},"end":{"line":54,"column":64}},"2":{"start":{"line":55,"column":8},"end":{"line":55,"column":1623}},"3":{"start":{"line":65,"column":8},"end":{"line":65,"column":41}},"4":{"start":{"line":66,"column":8},"end":{"line":66,"column":44}},"5":{"start":{"line":67,"column":8},"end":{"line":67,"column":1950}},"6":{"start":{"line":73,"column":8},"end":{"line":73,"column":64}},"7":{"start":{"line":74,"column":8},"end":{"line":74,"column":2183}},"8":{"start":{"line":95,"column":8},"end":{"line":95,"column":2736}},"9":{"start":{"line":101,"column":8},"end":{"line":101,"column":41}},"10":{"start":{"line":102,"column":8},"end":{"line":102,"column":3060}},"11":{"start":{"line":106,"column":8},"end":{"line":106,"column":63}},"12":{"start":{"line":113,"column":8},"end":{"line":113,"column":67}},"13":{"start":{"line":114,"column":8},"end":{"line":114,"column":3544}},"14":{"start":{"line":126,"column":8},"end":{"line":126,"column":3905}},"15":{"start":{"line":131,"column":8},"end":{"line":131,"column":74}},"16":{"start":{"line":144,"column":8},"end":{"line":144,"column":58}},"17":{"start":{"line":157,"column":8},"end":{"line":157,"column":66}},"18":{"start":{"line":161,"column":8},"end":{"line":161,"column":49}},"19":{"start":{"line":162,"column":8},"end":{"line":162,"column":4930}},"20":{"start":{"line":166,"column":8},"end":{"line":166,"column":72}},"21":{"start":{"line":167,"column":8},"end":{"line":167,"column":5128}},"22":{"start":{"line":180,"column":8},"end":{"line":180,"column":46}},"23":{"start":{"line":184,"column":8},"end":{"line":184,"column":33}}},"branchMap":{"1":{"line":55,"type":"if","locations":[{"start":{"line":55,"column":8},"end":{"line":55,"column":8}},{"start":{"line":55,"column":8},"end":{"line":55,"column":8}}]},"2":{"line":67,"type":"if","locations":[{"start":{"line":67,"column":8},"end":{"line":67,"column":8}},{"start":{"line":67,"column":8},"end":{"line":67,"column":8}}]},"3":{"line":74,"type":"if","locations":[{"start":{"line":74,"column":8},"end":{"line":74,"column":8}},{"start":{"line":74,"column":8},"end":{"line":74,"column":8}}]},"4":{"line":92,"type":"if","locations":[{"start":{"line":92,"column":8},"end":{"line":92,"column":8}},{"start":{"line":92,"column":8},"end":{"line":92,"column":8}}]},"5":{"line":93,"type":"if","locations":[{"start":{"line":93,"column":8},"end":{"line":93,"column":8}},{"start":{"line":93,"column":8},"end":{"line":93,"column":8}}]},"6":{"line":95,"type":"if","locations":[{"start":{"line":95,"column":8},"end":{"line":95,"column":8}},{"start":{"line":95,"column":8},"end":{"line":95,"column":8}}]},"7":{"line":102,"type":"if","locations":[{"start":{"line":102,"column":8},"end":{"line":102,"column":8}},{"start":{"line":102,"column":8},"end":{"line":102,"column":8}}]},"8":{"line":112,"type":"if","locations":[{"start":{"line":112,"column":23},"end":{"line":112,"column":23}},{"start":{"line":112,"column":23},"end":{"line":112,"column":23}}]},"9":{"line":112,"type":"if","locations":[{"start":{"line":112,"column":36},"end":{"line":112,"column":36}},{"start":{"line":112,"column":36},"end":{"line":112,"column":36}}]},"10":{"line":114,"type":"if","locations":[{"start":{"line":114,"column":8},"end":{"line":114,"column":8}},{"start":{"line":114,"column":8},"end":{"line":114,"column":8}}]},"11":{"line":140,"type":"if","locations":[{"start":{"line":140,"column":8},"end":{"line":140,"column":8}},{"start":{"line":140,"column":8},"end":{"line":140,"column":8}}]},"12":{"line":141,"type":"if","locations":[{"start":{"line":141,"column":8},"end":{"line":141,"column":8}},{"start":{"line":141,"column":8},"end":{"line":141,"column":8}}]},"13":{"line":153,"type":"if","locations":[{"start":{"line":153,"column":8},"end":{"line":153,"column":8}},{"start":{"line":153,"column":8},"end":{"line":153,"column":8}}]},"14":{"line":154,"type":"if","locations":[{"start":{"line":154,"column":8},"end":{"line":154,"column":8}},{"start":{"line":154,"column":8},"end":{"line":154,"column":8}}]},"15":{"line":162,"type":"if","locations":[{"start":{"line":162,"column":8},"end":{"line":162,"column":8}},{"start":{"line":162,"column":8},"end":{"line":162,"column":8}}]},"16":{"line":167,"type":"if","locations":[{"start":{"line":167,"column":8},"end":{"line":167,"column":8}},{"start":{"line":167,"column":8},"end":{"line":167,"column":8}}]}}},"contracts/test/BasicNft.sol":{"l":{"14":3,"18":1,"19":1,"20":1,"26":0,"30":0,"34":0},"path":"/home/harsimranjit/blockchain_project/nft_backend/contracts/test/BasicNft.sol","s":{"1":1,"2":1,"3":0,"4":0,"5":0},"b":{"1":[0,0]},"f":{"1":3,"2":1,"3":0,"4":0},"fnMap":{"1":{"name":"constructor","line":13,"loc":{"start":{"line":13,"column":4},"end":{"line":15,"column":4}}},"2":{"name":"mintNft","line":17,"loc":{"start":{"line":17,"column":4},"end":{"line":21,"column":4}}},"3":{"name":"tokenURI","line":23,"loc":{"start":{"line":23,"column":4},"end":{"line":31,"column":4}}},"4":{"name":"getTokenCounter","line":33,"loc":{"start":{"line":33,"column":4},"end":{"line":35,"column":4}}}},"statementMap":{"1":{"start":{"line":18,"column":8},"end":{"line":18,"column":44}},"2":{"start":{"line":19,"column":8},"end":{"line":19,"column":38}},"3":{"start":{"line":26,"column":8},"end":{"line":26,"column":734}},"4":{"start":{"line":30,"column":8},"end":{"line":30,"column":24}},"5":{"start":{"line":34,"column":8},"end":{"line":34,"column":29}}},"branchMap":{"1":{"line":26,"type":"if","locations":[{"start":{"line":26,"column":8},"end":{"line":26,"column":8}},{"start":{"line":26,"column":8},"end":{"line":26,"column":8}}]}}}}